2026-03-22 19:51:30,874 | INFO | Executed: -- =========================
-- RESET DATABASE (OPTIONAL)
--...
2026-03-22 19:51:30,895 | INFO | Executed: CREATE DATABASE govdata...
2026-03-22 19:51:30,896 | INFO | Executed: USE govdata...
2026-03-22 19:51:30,980 | INFO | Executed: -- =========================
-- RAW TABLE
-- ===============...
2026-03-22 19:51:31,070 | INFO | Executed: -- =========================
-- STAGING TABLE (UPDATED)
-- =...
2026-03-22 19:51:31,181 | INFO | Executed: -- =========================
-- DIMENSIONS
-- ==============...
2026-03-22 19:51:31,292 | INFO | Executed: -- PROGRAM DIM
CREATE TABLE dim_program (
    program_id INT...
2026-03-22 19:51:31,478 | INFO | Executed: -- EXPORTER DIM
CREATE TABLE dim_exporter (
    exporter_id ...
2026-03-22 19:51:31,622 | INFO | Executed: -- DATE DIM
CREATE TABLE dim_date (
    date_id DATE PRIMARY...
2026-03-22 19:51:31,860 | INFO | Executed: -- =========================
-- FACT TABLES
-- =============...
2026-03-22 19:51:32,023 | INFO | Executed: CREATE TABLE fact_declined_deals (
    deal_id VARCHAR(100) ...
2026-03-22 19:51:32,025 | INFO | Schema setup complete
